The system is: Linux - 5.4.0-58-generic - x86_64
Compiling the C compiler identification source file "CMakeCCompilerId.c" succeeded.
Compiler: /usr/bin/cc 
Build flags: 
Id flags:  

The output was:
0


Compilation of the C compiler identification source "CMakeCCompilerId.c" produced "a.out"

The C compiler identification is GNU, found in "/root/Downloads/st_link_git/stlink/CMakeFiles/3.16.3/CompilerIdC/a.out"

Determining if the C compiler works passed with the following output:
Change Dir: /root/Downloads/st_link_git/stlink/CMakeFiles/CMakeTmp

Run Build Command(s):/usr/bin/make cmTC_2dcc2/fast && /usr/bin/make -f CMakeFiles/cmTC_2dcc2.dir/build.make CMakeFiles/cmTC_2dcc2.dir/build
make[1]: Entering directory '/root/Downloads/st_link_git/stlink/CMakeFiles/CMakeTmp'
Building C object CMakeFiles/cmTC_2dcc2.dir/testCCompiler.c.o
/usr/bin/cc    -o CMakeFiles/cmTC_2dcc2.dir/testCCompiler.c.o   -c /root/Downloads/st_link_git/stlink/CMakeFiles/CMakeTmp/testCCompiler.c
Linking C executable cmTC_2dcc2
/usr/bin/cmake -E cmake_link_script CMakeFiles/cmTC_2dcc2.dir/link.txt --verbose=1
/usr/bin/cc      CMakeFiles/cmTC_2dcc2.dir/testCCompiler.c.o  -o cmTC_2dcc2 
make[1]: Leaving directory '/root/Downloads/st_link_git/stlink/CMakeFiles/CMakeTmp'



Detecting C compiler ABI info compiled with the following output:
Change Dir: /root/Downloads/st_link_git/stlink/CMakeFiles/CMakeTmp

Run Build Command(s):/usr/bin/make cmTC_7c0bc/fast && /usr/bin/make -f CMakeFiles/cmTC_7c0bc.dir/build.make CMakeFiles/cmTC_7c0bc.dir/build
make[1]: Entering directory '/root/Downloads/st_link_git/stlink/CMakeFiles/CMakeTmp'
Building C object CMakeFiles/cmTC_7c0bc.dir/CMakeCCompilerABI.c.o
/usr/bin/cc   -v -o CMakeFiles/cmTC_7c0bc.dir/CMakeCCompilerABI.c.o   -c /usr/share/cmake-3.16/Modules/CMakeCCompilerABI.c
Using built-in specs.
COLLECT_GCC=/usr/bin/cc
OFFLOAD_TARGET_NAMES=nvptx-none
OFFLOAD_TARGET_DEFAULT=1
Target: x86_64-linux-gnu
Configured with: ../src/configure -v --with-pkgversion='Ubuntu 8.4.0-3ubuntu2' --with-bugurl=file:///usr/share/doc/gcc-8/README.Bugs --enable-languages=c,ada,c++,go,brig,d,fortran,objc,obj-c++ --prefix=/usr --with-gcc-major-version-only --program-suffix=-8 --program-prefix=x86_64-linux-gnu- --enable-shared --enable-linker-build-id --libexecdir=/usr/lib --without-included-gettext --enable-threads=posix --libdir=/usr/lib --enable-nls --enable-bootstrap --enable-clocale=gnu --enable-libstdcxx-debug --enable-libstdcxx-time=yes --with-default-libstdcxx-abi=new --enable-gnu-unique-object --disable-vtable-verify --enable-libmpx --enable-plugin --enable-default-pie --with-system-zlib --with-target-system-zlib=auto --enable-objc-gc=auto --enable-multiarch --disable-werror --with-arch-32=i686 --with-abi=m64 --with-multilib-list=m32,m64,mx32 --enable-multilib --with-tune=generic --enable-offload-targets=nvptx-none --without-cuda-driver --enable-checking=release --build=x86_64-linux-gnu --host=x86_64-linux-gnu --target=x86_64-linux-gnu
Thread model: posix
gcc version 8.4.0 (Ubuntu 8.4.0-3ubuntu2) 
COLLECT_GCC_OPTIONS='-v' '-o' 'CMakeFiles/cmTC_7c0bc.dir/CMakeCCompilerABI.c.o' '-c' '-mtune=generic' '-march=x86-64'
 /usr/lib/gcc/x86_64-linux-gnu/8/cc1 -quiet -v -imultiarch x86_64-linux-gnu /usr/share/cmake-3.16/Modules/CMakeCCompilerABI.c -quiet -dumpbase CMakeCCompilerABI.c -mtune=generic -march=x86-64 -auxbase-strip CMakeFiles/cmTC_7c0bc.dir/CMakeCCompilerABI.c.o -version -fasynchronous-unwind-tables -fstack-protector-strong -Wformat -Wformat-security -fstack-clash-protection -fcf-protection -o /tmp/ccauS6B9.s
GNU C17 (Ubuntu 8.4.0-3ubuntu2) version 8.4.0 (x86_64-linux-gnu)
	compiled by GNU C version 8.4.0, GMP version 6.2.0, MPFR version 4.0.2, MPC version 1.1.0, isl version isl-0.22.1-GMP

GGC heuristics: --param ggc-min-expand=100 --param ggc-min-heapsize=131072
ignoring nonexistent directory "/usr/local/include/x86_64-linux-gnu"
ignoring nonexistent directory "/usr/lib/gcc/x86_64-linux-gnu/8/include-fixed"
ignoring nonexistent directory "/usr/lib/gcc/x86_64-linux-gnu/8/../../../../x86_64-linux-gnu/include"
#include "..." search starts here:
#include <...> search starts here:
 /usr/lib/gcc/x86_64-linux-gnu/8/include
 /usr/local/include
 /usr/include/x86_64-linux-gnu
 /usr/include
End of search list.
GNU C17 (Ubuntu 8.4.0-3ubuntu2) version 8.4.0 (x86_64-linux-gnu)
	compiled by GNU C version 8.4.0, GMP version 6.2.0, MPFR version 4.0.2, MPC version 1.1.0, isl version isl-0.22.1-GMP

GGC heuristics: --param ggc-min-expand=100 --param ggc-min-heapsize=131072
Compiler executable checksum: 72ca2f61babeb977fcf7485cc9c3fa79
COLLECT_GCC_OPTIONS='-v' '-o' 'CMakeFiles/cmTC_7c0bc.dir/CMakeCCompilerABI.c.o' '-c' '-mtune=generic' '-march=x86-64'
 as -v --64 -o CMakeFiles/cmTC_7c0bc.dir/CMakeCCompilerABI.c.o /tmp/ccauS6B9.s
GNU assembler version 2.34 (x86_64-linux-gnu) using BFD version (GNU Binutils for Ubuntu) 2.34
COMPILER_PATH=/usr/lib/gcc/x86_64-linux-gnu/8/:/usr/lib/gcc/x86_64-linux-gnu/8/:/usr/lib/gcc/x86_64-linux-gnu/:/usr/lib/gcc/x86_64-linux-gnu/8/:/usr/lib/gcc/x86_64-linux-gnu/
LIBRARY_PATH=/usr/lib/gcc/x86_64-linux-gnu/8/:/usr/lib/gcc/x86_64-linux-gnu/8/../../../x86_64-linux-gnu/:/usr/lib/gcc/x86_64-linux-gnu/8/../../../../lib/:/lib/x86_64-linux-gnu/:/lib/../lib/:/usr/lib/x86_64-linux-gnu/:/usr/lib/../lib/:/usr/lib/gcc/x86_64-linux-gnu/8/../../../:/lib/:/usr/lib/
COLLECT_GCC_OPTIONS='-v' '-o' 'CMakeFiles/cmTC_7c0bc.dir/CMakeCCompilerABI.c.o' '-c' '-mtune=generic' '-march=x86-64'
Linking C executable cmTC_7c0bc
/usr/bin/cmake -E cmake_link_script CMakeFiles/cmTC_7c0bc.dir/link.txt --verbose=1
/usr/bin/cc     -v CMakeFiles/cmTC_7c0bc.dir/CMakeCCompilerABI.c.o  -o cmTC_7c0bc 
Using built-in specs.
COLLECT_GCC=/usr/bin/cc
COLLECT_LTO_WRAPPER=/usr/lib/gcc/x86_64-linux-gnu/8/lto-wrapper
OFFLOAD_TARGET_NAMES=nvptx-none
OFFLOAD_TARGET_DEFAULT=1
Target: x86_64-linux-gnu
Configured with: ../src/configure -v --with-pkgversion='Ubuntu 8.4.0-3ubuntu2' --with-bugurl=file:///usr/share/doc/gcc-8/README.Bugs --enable-languages=c,ada,c++,go,brig,d,fortran,objc,obj-c++ --prefix=/usr --with-gcc-major-version-only --program-suffix=-8 --program-prefix=x86_64-linux-gnu- --enable-shared --enable-linker-build-id --libexecdir=/usr/lib --without-included-gettext --enable-threads=posix --libdir=/usr/lib --enable-nls --enable-bootstrap --enable-clocale=gnu --enable-libstdcxx-debug --enable-libstdcxx-time=yes --with-default-libstdcxx-abi=new --enable-gnu-unique-object --disable-vtable-verify --enable-libmpx --enable-plugin --enable-default-pie --with-system-zlib --with-target-system-zlib=auto --enable-objc-gc=auto --enable-multiarch --disable-werror --with-arch-32=i686 --with-abi=m64 --with-multilib-list=m32,m64,mx32 --enable-multilib --with-tune=generic --enable-offload-targets=nvptx-none --without-cuda-driver --enable-checking=release --build=x86_64-linux-gnu --host=x86_64-linux-gnu --target=x86_64-linux-gnu
Thread model: posix
gcc version 8.4.0 (Ubuntu 8.4.0-3ubuntu2) 
COMPILER_PATH=/usr/lib/gcc/x86_64-linux-gnu/8/:/usr/lib/gcc/x86_64-linux-gnu/8/:/usr/lib/gcc/x86_64-linux-gnu/:/usr/lib/gcc/x86_64-linux-gnu/8/:/usr/lib/gcc/x86_64-linux-gnu/
LIBRARY_PATH=/usr/lib/gcc/x86_64-linux-gnu/8/:/usr/lib/gcc/x86_64-linux-gnu/8/../../../x86_64-linux-gnu/:/usr/lib/gcc/x86_64-linux-gnu/8/../../../../lib/:/lib/x86_64-linux-gnu/:/lib/../lib/:/usr/lib/x86_64-linux-gnu/:/usr/lib/../lib/:/usr/lib/gcc/x86_64-linux-gnu/8/../../../:/lib/:/usr/lib/
COLLECT_GCC_OPTIONS='-v' '-o' 'cmTC_7c0bc' '-mtune=generic' '-march=x86-64'
 /usr/lib/gcc/x86_64-linux-gnu/8/collect2 -plugin /usr/lib/gcc/x86_64-linux-gnu/8/liblto_plugin.so -plugin-opt=/usr/lib/gcc/x86_64-linux-gnu/8/lto-wrapper -plugin-opt=-fresolution=/tmp/ccgzQmUB.res -plugin-opt=-pass-through=-lgcc -plugin-opt=-pass-through=-lgcc_s -plugin-opt=-pass-through=-lc -plugin-opt=-pass-through=-lgcc -plugin-opt=-pass-through=-lgcc_s --build-id --eh-frame-hdr -m elf_x86_64 --hash-style=gnu --as-needed -dynamic-linker /lib64/ld-linux-x86-64.so.2 -pie -z now -z relro -o cmTC_7c0bc /usr/lib/gcc/x86_64-linux-gnu/8/../../../x86_64-linux-gnu/Scrt1.o /usr/lib/gcc/x86_64-linux-gnu/8/../../../x86_64-linux-gnu/crti.o /usr/lib/gcc/x86_64-linux-gnu/8/crtbeginS.o -L/usr/lib/gcc/x86_64-linux-gnu/8 -L/usr/lib/gcc/x86_64-linux-gnu/8/../../../x86_64-linux-gnu -L/usr/lib/gcc/x86_64-linux-gnu/8/../../../../lib -L/lib/x86_64-linux-gnu -L/lib/../lib -L/usr/lib/x86_64-linux-gnu -L/usr/lib/../lib -L/usr/lib/gcc/x86_64-linux-gnu/8/../../.. CMakeFiles/cmTC_7c0bc.dir/CMakeCCompilerABI.c.o -lgcc --push-state --as-needed -lgcc_s --pop-state -lc -lgcc --push-state --as-needed -lgcc_s --pop-state /usr/lib/gcc/x86_64-linux-gnu/8/crtendS.o /usr/lib/gcc/x86_64-linux-gnu/8/../../../x86_64-linux-gnu/crtn.o
COLLECT_GCC_OPTIONS='-v' '-o' 'cmTC_7c0bc' '-mtune=generic' '-march=x86-64'
make[1]: Leaving directory '/root/Downloads/st_link_git/stlink/CMakeFiles/CMakeTmp'



Parsed C implicit include dir info from above output: rv=done
  found start of include info
  found start of implicit include info
    add: [/usr/lib/gcc/x86_64-linux-gnu/8/include]
    add: [/usr/local/include]
    add: [/usr/include/x86_64-linux-gnu]
    add: [/usr/include]
  end of search list found
  collapse include dir [/usr/lib/gcc/x86_64-linux-gnu/8/include] ==> [/usr/lib/gcc/x86_64-linux-gnu/8/include]
  collapse include dir [/usr/local/include] ==> [/usr/local/include]
  collapse include dir [/usr/include/x86_64-linux-gnu] ==> [/usr/include/x86_64-linux-gnu]
  collapse include dir [/usr/include] ==> [/usr/include]
  implicit include dirs: [/usr/lib/gcc/x86_64-linux-gnu/8/include;/usr/local/include;/usr/include/x86_64-linux-gnu;/usr/include]


Parsed C implicit link information from above output:
  link line regex: [^( *|.*[/\])(ld|CMAKE_LINK_STARTFILE-NOTFOUND|([^/\]+-)?ld|collect2)[^/\]*( |$)]
  ignore line: [Change Dir: /root/Downloads/st_link_git/stlink/CMakeFiles/CMakeTmp]
  ignore line: []
  ignore line: [Run Build Command(s):/usr/bin/make cmTC_7c0bc/fast && /usr/bin/make -f CMakeFiles/cmTC_7c0bc.dir/build.make CMakeFiles/cmTC_7c0bc.dir/build]
  ignore line: [make[1]: Entering directory '/root/Downloads/st_link_git/stlink/CMakeFiles/CMakeTmp']
  ignore line: [Building C object CMakeFiles/cmTC_7c0bc.dir/CMakeCCompilerABI.c.o]
  ignore line: [/usr/bin/cc   -v -o CMakeFiles/cmTC_7c0bc.dir/CMakeCCompilerABI.c.o   -c /usr/share/cmake-3.16/Modules/CMakeCCompilerABI.c]
  ignore line: [Using built-in specs.]
  ignore line: [COLLECT_GCC=/usr/bin/cc]
  ignore line: [OFFLOAD_TARGET_NAMES=nvptx-none]
  ignore line: [OFFLOAD_TARGET_DEFAULT=1]
  ignore line: [Target: x86_64-linux-gnu]
  ignore line: [Configured with: ../src/configure -v --with-pkgversion='Ubuntu 8.4.0-3ubuntu2' --with-bugurl=file:///usr/share/doc/gcc-8/README.Bugs --enable-languages=c ada c++ go brig d fortran objc obj-c++ --prefix=/usr --with-gcc-major-version-only --program-suffix=-8 --program-prefix=x86_64-linux-gnu- --enable-shared --enable-linker-build-id --libexecdir=/usr/lib --without-included-gettext --enable-threads=posix --libdir=/usr/lib --enable-nls --enable-bootstrap --enable-clocale=gnu --enable-libstdcxx-debug --enable-libstdcxx-time=yes --with-default-libstdcxx-abi=new --enable-gnu-unique-object --disable-vtable-verify --enable-libmpx --enable-plugin --enable-default-pie --with-system-zlib --with-target-system-zlib=auto --enable-objc-gc=auto --enable-multiarch --disable-werror --with-arch-32=i686 --with-abi=m64 --with-multilib-list=m32 m64 mx32 --enable-multilib --with-tune=generic --enable-offload-targets=nvptx-none --without-cuda-driver --enable-checking=release --build=x86_64-linux-gnu --host=x86_64-linux-gnu --target=x86_64-linux-gnu]
  ignore line: [Thread model: posix]
  ignore line: [gcc version 8.4.0 (Ubuntu 8.4.0-3ubuntu2) ]
  ignore line: [COLLECT_GCC_OPTIONS='-v' '-o' 'CMakeFiles/cmTC_7c0bc.dir/CMakeCCompilerABI.c.o' '-c' '-mtune=generic' '-march=x86-64']
  ignore line: [ /usr/lib/gcc/x86_64-linux-gnu/8/cc1 -quiet -v -imultiarch x86_64-linux-gnu /usr/share/cmake-3.16/Modules/CMakeCCompilerABI.c -quiet -dumpbase CMakeCCompilerABI.c -mtune=generic -march=x86-64 -auxbase-strip CMakeFiles/cmTC_7c0bc.dir/CMakeCCompilerABI.c.o -version -fasynchronous-unwind-tables -fstack-protector-strong -Wformat -Wformat-security -fstack-clash-protection -fcf-protection -o /tmp/ccauS6B9.s]
  ignore line: [GNU C17 (Ubuntu 8.4.0-3ubuntu2) version 8.4.0 (x86_64-linux-gnu)]
  ignore line: [	compiled by GNU C version 8.4.0  GMP version 6.2.0  MPFR version 4.0.2  MPC version 1.1.0  isl version isl-0.22.1-GMP]
  ignore line: []
  ignore line: [GGC heuristics: --param ggc-min-expand=100 --param ggc-min-heapsize=131072]
  ignore line: [ignoring nonexistent directory "/usr/local/include/x86_64-linux-gnu"]
  ignore line: [ignoring nonexistent directory "/usr/lib/gcc/x86_64-linux-gnu/8/include-fixed"]
  ignore line: [ignoring nonexistent directory "/usr/lib/gcc/x86_64-linux-gnu/8/../../../../x86_64-linux-gnu/include"]
  ignore line: [#include "..." search starts here:]
  ignore line: [#include <...> search starts here:]
  ignore line: [ /usr/lib/gcc/x86_64-linux-gnu/8/include]
  ignore line: [ /usr/local/include]
  ignore line: [ /usr/include/x86_64-linux-gnu]
  ignore line: [ /usr/include]
  ignore line: [End of search list.]
  ignore line: [GNU C17 (Ubuntu 8.4.0-3ubuntu2) version 8.4.0 (x86_64-linux-gnu)]
  ignore line: [	compiled by GNU C version 8.4.0  GMP version 6.2.0  MPFR version 4.0.2  MPC version 1.1.0  isl version isl-0.22.1-GMP]
  ignore line: []
  ignore line: [GGC heuristics: --param ggc-min-expand=100 --param ggc-min-heapsize=131072]
  ignore line: [Compiler executable checksum: 72ca2f61babeb977fcf7485cc9c3fa79]
  ignore line: [COLLECT_GCC_OPTIONS='-v' '-o' 'CMakeFiles/cmTC_7c0bc.dir/CMakeCCompilerABI.c.o' '-c' '-mtune=generic' '-march=x86-64']
  ignore line: [ as -v --64 -o CMakeFiles/cmTC_7c0bc.dir/CMakeCCompilerABI.c.o /tmp/ccauS6B9.s]
  ignore line: [GNU assembler version 2.34 (x86_64-linux-gnu) using BFD version (GNU Binutils for Ubuntu) 2.34]
  ignore line: [COMPILER_PATH=/usr/lib/gcc/x86_64-linux-gnu/8/:/usr/lib/gcc/x86_64-linux-gnu/8/:/usr/lib/gcc/x86_64-linux-gnu/:/usr/lib/gcc/x86_64-linux-gnu/8/:/usr/lib/gcc/x86_64-linux-gnu/]
  ignore line: [LIBRARY_PATH=/usr/lib/gcc/x86_64-linux-gnu/8/:/usr/lib/gcc/x86_64-linux-gnu/8/../../../x86_64-linux-gnu/:/usr/lib/gcc/x86_64-linux-gnu/8/../../../../lib/:/lib/x86_64-linux-gnu/:/lib/../lib/:/usr/lib/x86_64-linux-gnu/:/usr/lib/../lib/:/usr/lib/gcc/x86_64-linux-gnu/8/../../../:/lib/:/usr/lib/]
  ignore line: [COLLECT_GCC_OPTIONS='-v' '-o' 'CMakeFiles/cmTC_7c0bc.dir/CMakeCCompilerABI.c.o' '-c' '-mtune=generic' '-march=x86-64']
  ignore line: [Linking C executable cmTC_7c0bc]
  ignore line: [/usr/bin/cmake -E cmake_link_script CMakeFiles/cmTC_7c0bc.dir/link.txt --verbose=1]
  ignore line: [/usr/bin/cc     -v CMakeFiles/cmTC_7c0bc.dir/CMakeCCompilerABI.c.o  -o cmTC_7c0bc ]
  ignore line: [Using built-in specs.]
  ignore line: [COLLECT_GCC=/usr/bin/cc]
  ignore line: [COLLECT_LTO_WRAPPER=/usr/lib/gcc/x86_64-linux-gnu/8/lto-wrapper]
  ignore line: [OFFLOAD_TARGET_NAMES=nvptx-none]
  ignore line: [OFFLOAD_TARGET_DEFAULT=1]
  ignore line: [Target: x86_64-linux-gnu]
  ignore line: [Configured with: ../src/configure -v --with-pkgversion='Ubuntu 8.4.0-3ubuntu2' --with-bugurl=file:///usr/share/doc/gcc-8/README.Bugs --enable-languages=c ada c++ go brig d fortran objc obj-c++ --prefix=/usr --with-gcc-major-version-only --program-suffix=-8 --program-prefix=x86_64-linux-gnu- --enable-shared --enable-linker-build-id --libexecdir=/usr/lib --without-included-gettext --enable-threads=posix --libdir=/usr/lib --enable-nls --enable-bootstrap --enable-clocale=gnu --enable-libstdcxx-debug --enable-libstdcxx-time=yes --with-default-libstdcxx-abi=new --enable-gnu-unique-object --disable-vtable-verify --enable-libmpx --enable-plugin --enable-default-pie --with-system-zlib --with-target-system-zlib=auto --enable-objc-gc=auto --enable-multiarch --disable-werror --with-arch-32=i686 --with-abi=m64 --with-multilib-list=m32 m64 mx32 --enable-multilib --with-tune=generic --enable-offload-targets=nvptx-none --without-cuda-driver --enable-checking=release --build=x86_64-linux-gnu --host=x86_64-linux-gnu --target=x86_64-linux-gnu]
  ignore line: [Thread model: posix]
  ignore line: [gcc version 8.4.0 (Ubuntu 8.4.0-3ubuntu2) ]
  ignore line: [COMPILER_PATH=/usr/lib/gcc/x86_64-linux-gnu/8/:/usr/lib/gcc/x86_64-linux-gnu/8/:/usr/lib/gcc/x86_64-linux-gnu/:/usr/lib/gcc/x86_64-linux-gnu/8/:/usr/lib/gcc/x86_64-linux-gnu/]
  ignore line: [LIBRARY_PATH=/usr/lib/gcc/x86_64-linux-gnu/8/:/usr/lib/gcc/x86_64-linux-gnu/8/../../../x86_64-linux-gnu/:/usr/lib/gcc/x86_64-linux-gnu/8/../../../../lib/:/lib/x86_64-linux-gnu/:/lib/../lib/:/usr/lib/x86_64-linux-gnu/:/usr/lib/../lib/:/usr/lib/gcc/x86_64-linux-gnu/8/../../../:/lib/:/usr/lib/]
  ignore line: [COLLECT_GCC_OPTIONS='-v' '-o' 'cmTC_7c0bc' '-mtune=generic' '-march=x86-64']
  link line: [ /usr/lib/gcc/x86_64-linux-gnu/8/collect2 -plugin /usr/lib/gcc/x86_64-linux-gnu/8/liblto_plugin.so -plugin-opt=/usr/lib/gcc/x86_64-linux-gnu/8/lto-wrapper -plugin-opt=-fresolution=/tmp/ccgzQmUB.res -plugin-opt=-pass-through=-lgcc -plugin-opt=-pass-through=-lgcc_s -plugin-opt=-pass-through=-lc -plugin-opt=-pass-through=-lgcc -plugin-opt=-pass-through=-lgcc_s --build-id --eh-frame-hdr -m elf_x86_64 --hash-style=gnu --as-needed -dynamic-linker /lib64/ld-linux-x86-64.so.2 -pie -z now -z relro -o cmTC_7c0bc /usr/lib/gcc/x86_64-linux-gnu/8/../../../x86_64-linux-gnu/Scrt1.o /usr/lib/gcc/x86_64-linux-gnu/8/../../../x86_64-linux-gnu/crti.o /usr/lib/gcc/x86_64-linux-gnu/8/crtbeginS.o -L/usr/lib/gcc/x86_64-linux-gnu/8 -L/usr/lib/gcc/x86_64-linux-gnu/8/../../../x86_64-linux-gnu -L/usr/lib/gcc/x86_64-linux-gnu/8/../../../../lib -L/lib/x86_64-linux-gnu -L/lib/../lib -L/usr/lib/x86_64-linux-gnu -L/usr/lib/../lib -L/usr/lib/gcc/x86_64-linux-gnu/8/../../.. CMakeFiles/cmTC_7c0bc.dir/CMakeCCompilerABI.c.o -lgcc --push-state --as-needed -lgcc_s --pop-state -lc -lgcc --push-state --as-needed -lgcc_s --pop-state /usr/lib/gcc/x86_64-linux-gnu/8/crtendS.o /usr/lib/gcc/x86_64-linux-gnu/8/../../../x86_64-linux-gnu/crtn.o]
    arg [/usr/lib/gcc/x86_64-linux-gnu/8/collect2] ==> ignore
    arg [-plugin] ==> ignore
    arg [/usr/lib/gcc/x86_64-linux-gnu/8/liblto_plugin.so] ==> ignore
    arg [-plugin-opt=/usr/lib/gcc/x86_64-linux-gnu/8/lto-wrapper] ==> ignore
    arg [-plugin-opt=-fresolution=/tmp/ccgzQmUB.res] ==> ignore
    arg [-plugin-opt=-pass-through=-lgcc] ==> ignore
    arg [-plugin-opt=-pass-through=-lgcc_s] ==> ignore
    arg [-plugin-opt=-pass-through=-lc] ==> ignore
    arg [-plugin-opt=-pass-through=-lgcc] ==> ignore
    arg [-plugin-opt=-pass-through=-lgcc_s] ==> ignore
    arg [--build-id] ==> ignore
    arg [--eh-frame-hdr] ==> ignore
    arg [-m] ==> ignore
    arg [elf_x86_64] ==> ignore
    arg [--hash-style=gnu] ==> ignore
    arg [--as-needed] ==> ignore
    arg [-dynamic-linker] ==> ignore
    arg [/lib64/ld-linux-x86-64.so.2] ==> ignore
    arg [-pie] ==> ignore
    arg [-znow] ==> ignore
    arg [-zrelro] ==> ignore
    arg [-o] ==> ignore
    arg [cmTC_7c0bc] ==> ignore
    arg [/usr/lib/gcc/x86_64-linux-gnu/8/../../../x86_64-linux-gnu/Scrt1.o] ==> ignore
    arg [/usr/lib/gcc/x86_64-linux-gnu/8/../../../x86_64-linux-gnu/crti.o] ==> ignore
    arg [/usr/lib/gcc/x86_64-linux-gnu/8/crtbeginS.o] ==> ignore
    arg [-L/usr/lib/gcc/x86_64-linux-gnu/8] ==> dir [/usr/lib/gcc/x86_64-linux-gnu/8]
    arg [-L/usr/lib/gcc/x86_64-linux-gnu/8/../../../x86_64-linux-gnu] ==> dir [/usr/lib/gcc/x86_64-linux-gnu/8/../../../x86_64-linux-gnu]
    arg [-L/usr/lib/gcc/x86_64-linux-gnu/8/../../../../lib] ==> dir [/usr/lib/gcc/x86_64-linux-gnu/8/../../../../lib]
    arg [-L/lib/x86_64-linux-gnu] ==> dir [/lib/x86_64-linux-gnu]
    arg [-L/lib/../lib] ==> dir [/lib/../lib]
    arg [-L/usr/lib/x86_64-linux-gnu] ==> dir [/usr/lib/x86_64-linux-gnu]
    arg [-L/usr/lib/../lib] ==> dir [/usr/lib/../lib]
    arg [-L/usr/lib/gcc/x86_64-linux-gnu/8/../../..] ==> dir [/usr/lib/gcc/x86_64-linux-gnu/8/../../..]
    arg [CMakeFiles/cmTC_7c0bc.dir/CMakeCCompilerABI.c.o] ==> ignore
    arg [-lgcc] ==> lib [gcc]
    arg [--push-state] ==> ignore
    arg [--as-needed] ==> ignore
    arg [-lgcc_s] ==> lib [gcc_s]
    arg [--pop-state] ==> ignore
    arg [-lc] ==> lib [c]
    arg [-lgcc] ==> lib [gcc]
    arg [--push-state] ==> ignore
    arg [--as-needed] ==> ignore
    arg [-lgcc_s] ==> lib [gcc_s]
    arg [--pop-state] ==> ignore
    arg [/usr/lib/gcc/x86_64-linux-gnu/8/crtendS.o] ==> ignore
    arg [/usr/lib/gcc/x86_64-linux-gnu/8/../../../x86_64-linux-gnu/crtn.o] ==> ignore
  collapse library dir [/usr/lib/gcc/x86_64-linux-gnu/8] ==> [/usr/lib/gcc/x86_64-linux-gnu/8]
  collapse library dir [/usr/lib/gcc/x86_64-linux-gnu/8/../../../x86_64-linux-gnu] ==> [/usr/lib/x86_64-linux-gnu]
  collapse library dir [/usr/lib/gcc/x86_64-linux-gnu/8/../../../../lib] ==> [/usr/lib]
  collapse library dir [/lib/x86_64-linux-gnu] ==> [/lib/x86_64-linux-gnu]
  collapse library dir [/lib/../lib] ==> [/lib]
  collapse library dir [/usr/lib/x86_64-linux-gnu] ==> [/usr/lib/x86_64-linux-gnu]
  collapse library dir [/usr/lib/../lib] ==> [/usr/lib]
  collapse library dir [/usr/lib/gcc/x86_64-linux-gnu/8/../../..] ==> [/usr/lib]
  implicit libs: [gcc;gcc_s;c;gcc;gcc_s]
  implicit dirs: [/usr/lib/gcc/x86_64-linux-gnu/8;/usr/lib/x86_64-linux-gnu;/usr/lib;/lib/x86_64-linux-gnu;/lib]
  implicit fwks: []


Performing C SOURCE FILE Test C_SUPPORTS_STD_GNU11 succeeded with the following output:
Change Dir: /root/Downloads/st_link_git/stlink/CMakeFiles/CMakeTmp

Run Build Command(s):/usr/bin/make cmTC_b75f5/fast && /usr/bin/make -f CMakeFiles/cmTC_b75f5.dir/build.make CMakeFiles/cmTC_b75f5.dir/build
make[1]: Entering directory '/root/Downloads/st_link_git/stlink/CMakeFiles/CMakeTmp'
Building C object CMakeFiles/cmTC_b75f5.dir/src.c.o
/usr/bin/cc   -DC_SUPPORTS_STD_GNU11   -std=gnu11 -o CMakeFiles/cmTC_b75f5.dir/src.c.o   -c /root/Downloads/st_link_git/stlink/CMakeFiles/CMakeTmp/src.c
Linking C executable cmTC_b75f5
/usr/bin/cmake -E cmake_link_script CMakeFiles/cmTC_b75f5.dir/link.txt --verbose=1
/usr/bin/cc  -DC_SUPPORTS_STD_GNU11    CMakeFiles/cmTC_b75f5.dir/src.c.o  -o cmTC_b75f5 
make[1]: Leaving directory '/root/Downloads/st_link_git/stlink/CMakeFiles/CMakeTmp'


Source file was:
int main(void) { return 0; }
Performing C SOURCE FILE Test C_SUPPORTS_STD_GNU18 succeeded with the following output:
Change Dir: /root/Downloads/st_link_git/stlink/CMakeFiles/CMakeTmp

Run Build Command(s):/usr/bin/make cmTC_d068d/fast && /usr/bin/make -f CMakeFiles/cmTC_d068d.dir/build.make CMakeFiles/cmTC_d068d.dir/build
make[1]: Entering directory '/root/Downloads/st_link_git/stlink/CMakeFiles/CMakeTmp'
Building C object CMakeFiles/cmTC_d068d.dir/src.c.o
/usr/bin/cc   -std=gnu11 -DC_SUPPORTS_STD_GNU18   -std=gnu18 -o CMakeFiles/cmTC_d068d.dir/src.c.o   -c /root/Downloads/st_link_git/stlink/CMakeFiles/CMakeTmp/src.c
Linking C executable cmTC_d068d
/usr/bin/cmake -E cmake_link_script CMakeFiles/cmTC_d068d.dir/link.txt --verbose=1
/usr/bin/cc  -std=gnu11 -DC_SUPPORTS_STD_GNU18    CMakeFiles/cmTC_d068d.dir/src.c.o  -o cmTC_d068d 
make[1]: Leaving directory '/root/Downloads/st_link_git/stlink/CMakeFiles/CMakeTmp'


Source file was:
int main(void) { return 0; }
Performing C SOURCE FILE Test C_SUPPORTS_WALL succeeded with the following output:
Change Dir: /root/Downloads/st_link_git/stlink/CMakeFiles/CMakeTmp

Run Build Command(s):/usr/bin/make cmTC_675e7/fast && /usr/bin/make -f CMakeFiles/cmTC_675e7.dir/build.make CMakeFiles/cmTC_675e7.dir/build
make[1]: Entering directory '/root/Downloads/st_link_git/stlink/CMakeFiles/CMakeTmp'
Building C object CMakeFiles/cmTC_675e7.dir/src.c.o
/usr/bin/cc   -std=gnu11 -std=gnu18 -DC_SUPPORTS_WALL   -Wall -o CMakeFiles/cmTC_675e7.dir/src.c.o   -c /root/Downloads/st_link_git/stlink/CMakeFiles/CMakeTmp/src.c
Linking C executable cmTC_675e7
/usr/bin/cmake -E cmake_link_script CMakeFiles/cmTC_675e7.dir/link.txt --verbose=1
/usr/bin/cc  -std=gnu11 -std=gnu18 -DC_SUPPORTS_WALL    CMakeFiles/cmTC_675e7.dir/src.c.o  -o cmTC_675e7 
make[1]: Leaving directory '/root/Downloads/st_link_git/stlink/CMakeFiles/CMakeTmp'


Source file was:
int main(void) { return 0; }
Performing C SOURCE FILE Test C_SUPPORTS_WEXTRA succeeded with the following output:
Change Dir: /root/Downloads/st_link_git/stlink/CMakeFiles/CMakeTmp

Run Build Command(s):/usr/bin/make cmTC_7d8eb/fast && /usr/bin/make -f CMakeFiles/cmTC_7d8eb.dir/build.make CMakeFiles/cmTC_7d8eb.dir/build
make[1]: Entering directory '/root/Downloads/st_link_git/stlink/CMakeFiles/CMakeTmp'
Building C object CMakeFiles/cmTC_7d8eb.dir/src.c.o
/usr/bin/cc   -std=gnu11 -std=gnu18 -Wall -DC_SUPPORTS_WEXTRA   -Wextra -o CMakeFiles/cmTC_7d8eb.dir/src.c.o   -c /root/Downloads/st_link_git/stlink/CMakeFiles/CMakeTmp/src.c
Linking C executable cmTC_7d8eb
/usr/bin/cmake -E cmake_link_script CMakeFiles/cmTC_7d8eb.dir/link.txt --verbose=1
/usr/bin/cc  -std=gnu11 -std=gnu18 -Wall -DC_SUPPORTS_WEXTRA    CMakeFiles/cmTC_7d8eb.dir/src.c.o  -o cmTC_7d8eb 
make[1]: Leaving directory '/root/Downloads/st_link_git/stlink/CMakeFiles/CMakeTmp'


Source file was:
int main(void) { return 0; }
Performing C SOURCE FILE Test C_SUPPORTS_WSHADOW succeeded with the following output:
Change Dir: /root/Downloads/st_link_git/stlink/CMakeFiles/CMakeTmp

Run Build Command(s):/usr/bin/make cmTC_2bf2a/fast && /usr/bin/make -f CMakeFiles/cmTC_2bf2a.dir/build.make CMakeFiles/cmTC_2bf2a.dir/build
make[1]: Entering directory '/root/Downloads/st_link_git/stlink/CMakeFiles/CMakeTmp'
Building C object CMakeFiles/cmTC_2bf2a.dir/src.c.o
/usr/bin/cc   -std=gnu11 -std=gnu18 -Wall -Wextra -DC_SUPPORTS_WSHADOW   -Wshadow -o CMakeFiles/cmTC_2bf2a.dir/src.c.o   -c /root/Downloads/st_link_git/stlink/CMakeFiles/CMakeTmp/src.c
Linking C executable cmTC_2bf2a
/usr/bin/cmake -E cmake_link_script CMakeFiles/cmTC_2bf2a.dir/link.txt --verbose=1
/usr/bin/cc  -std=gnu11 -std=gnu18 -Wall -Wextra -DC_SUPPORTS_WSHADOW    CMakeFiles/cmTC_2bf2a.dir/src.c.o  -o cmTC_2bf2a 
make[1]: Leaving directory '/root/Downloads/st_link_git/stlink/CMakeFiles/CMakeTmp'


Source file was:
int main(void) { return 0; }
Performing C SOURCE FILE Test C_SUPPORTS_D_FORTIFY_SOURCE_2 succeeded with the following output:
Change Dir: /root/Downloads/st_link_git/stlink/CMakeFiles/CMakeTmp

Run Build Command(s):/usr/bin/make cmTC_64f2e/fast && /usr/bin/make -f CMakeFiles/cmTC_64f2e.dir/build.make CMakeFiles/cmTC_64f2e.dir/build
make[1]: Entering directory '/root/Downloads/st_link_git/stlink/CMakeFiles/CMakeTmp'
Building C object CMakeFiles/cmTC_64f2e.dir/src.c.o
/usr/bin/cc -D_FORTIFY_SOURCE=2  -std=gnu11 -std=gnu18 -Wall -Wextra -Wshadow -DC_SUPPORTS_D_FORTIFY_SOURCE_2   -o CMakeFiles/cmTC_64f2e.dir/src.c.o   -c /root/Downloads/st_link_git/stlink/CMakeFiles/CMakeTmp/src.c
Linking C executable cmTC_64f2e
/usr/bin/cmake -E cmake_link_script CMakeFiles/cmTC_64f2e.dir/link.txt --verbose=1
/usr/bin/cc  -std=gnu11 -std=gnu18 -Wall -Wextra -Wshadow -DC_SUPPORTS_D_FORTIFY_SOURCE_2    CMakeFiles/cmTC_64f2e.dir/src.c.o  -o cmTC_64f2e 
make[1]: Leaving directory '/root/Downloads/st_link_git/stlink/CMakeFiles/CMakeTmp'


Source file was:
int main(void) { return 0; }
Performing C SOURCE FILE Test C_SUPPORTS_FSTRICT_ALIASING succeeded with the following output:
Change Dir: /root/Downloads/st_link_git/stlink/CMakeFiles/CMakeTmp

Run Build Command(s):/usr/bin/make cmTC_36e53/fast && /usr/bin/make -f CMakeFiles/cmTC_36e53.dir/build.make CMakeFiles/cmTC_36e53.dir/build
make[1]: Entering directory '/root/Downloads/st_link_git/stlink/CMakeFiles/CMakeTmp'
Building C object CMakeFiles/cmTC_36e53.dir/src.c.o
/usr/bin/cc   -std=gnu11 -std=gnu18 -Wall -Wextra -Wshadow -D_FORTIFY_SOURCE=2 -DC_SUPPORTS_FSTRICT_ALIASING   -fstrict-aliasing -o CMakeFiles/cmTC_36e53.dir/src.c.o   -c /root/Downloads/st_link_git/stlink/CMakeFiles/CMakeTmp/src.c
Linking C executable cmTC_36e53
/usr/bin/cmake -E cmake_link_script CMakeFiles/cmTC_36e53.dir/link.txt --verbose=1
/usr/bin/cc  -std=gnu11 -std=gnu18 -Wall -Wextra -Wshadow -D_FORTIFY_SOURCE=2 -DC_SUPPORTS_FSTRICT_ALIASING    CMakeFiles/cmTC_36e53.dir/src.c.o  -o cmTC_36e53 
make[1]: Leaving directory '/root/Downloads/st_link_git/stlink/CMakeFiles/CMakeTmp'


Source file was:
int main(void) { return 0; }
Performing C SOURCE FILE Test C_SUPPORTS_WUNDEF succeeded with the following output:
Change Dir: /root/Downloads/st_link_git/stlink/CMakeFiles/CMakeTmp

Run Build Command(s):/usr/bin/make cmTC_9db37/fast && /usr/bin/make -f CMakeFiles/cmTC_9db37.dir/build.make CMakeFiles/cmTC_9db37.dir/build
make[1]: Entering directory '/root/Downloads/st_link_git/stlink/CMakeFiles/CMakeTmp'
Building C object CMakeFiles/cmTC_9db37.dir/src.c.o
/usr/bin/cc   -std=gnu11 -std=gnu18 -Wall -Wextra -Wshadow -D_FORTIFY_SOURCE=2 -fstrict-aliasing -DC_SUPPORTS_WUNDEF   -Wundef -o CMakeFiles/cmTC_9db37.dir/src.c.o   -c /root/Downloads/st_link_git/stlink/CMakeFiles/CMakeTmp/src.c
Linking C executable cmTC_9db37
/usr/bin/cmake -E cmake_link_script CMakeFiles/cmTC_9db37.dir/link.txt --verbose=1
/usr/bin/cc  -std=gnu11 -std=gnu18 -Wall -Wextra -Wshadow -D_FORTIFY_SOURCE=2 -fstrict-aliasing -DC_SUPPORTS_WUNDEF    CMakeFiles/cmTC_9db37.dir/src.c.o  -o cmTC_9db37 
make[1]: Leaving directory '/root/Downloads/st_link_git/stlink/CMakeFiles/CMakeTmp'


Source file was:
int main(void) { return 0; }
Performing C SOURCE FILE Test C_SUPPORTS_WFORMAT succeeded with the following output:
Change Dir: /root/Downloads/st_link_git/stlink/CMakeFiles/CMakeTmp

Run Build Command(s):/usr/bin/make cmTC_0ccf9/fast && /usr/bin/make -f CMakeFiles/cmTC_0ccf9.dir/build.make CMakeFiles/cmTC_0ccf9.dir/build
make[1]: Entering directory '/root/Downloads/st_link_git/stlink/CMakeFiles/CMakeTmp'
Building C object CMakeFiles/cmTC_0ccf9.dir/src.c.o
/usr/bin/cc   -std=gnu11 -std=gnu18 -Wall -Wextra -Wshadow -D_FORTIFY_SOURCE=2 -fstrict-aliasing -Wundef -DC_SUPPORTS_WFORMAT   -Wformat -o CMakeFiles/cmTC_0ccf9.dir/src.c.o   -c /root/Downloads/st_link_git/stlink/CMakeFiles/CMakeTmp/src.c
Linking C executable cmTC_0ccf9
/usr/bin/cmake -E cmake_link_script CMakeFiles/cmTC_0ccf9.dir/link.txt --verbose=1
/usr/bin/cc  -std=gnu11 -std=gnu18 -Wall -Wextra -Wshadow -D_FORTIFY_SOURCE=2 -fstrict-aliasing -Wundef -DC_SUPPORTS_WFORMAT    CMakeFiles/cmTC_0ccf9.dir/src.c.o  -o cmTC_0ccf9 
make[1]: Leaving directory '/root/Downloads/st_link_git/stlink/CMakeFiles/CMakeTmp'


Source file was:
int main(void) { return 0; }
Performing C SOURCE FILE Test C_SUPPORTS_WFORMAT_SECURITY succeeded with the following output:
Change Dir: /root/Downloads/st_link_git/stlink/CMakeFiles/CMakeTmp

Run Build Command(s):/usr/bin/make cmTC_d4143/fast && /usr/bin/make -f CMakeFiles/cmTC_d4143.dir/build.make CMakeFiles/cmTC_d4143.dir/build
make[1]: Entering directory '/root/Downloads/st_link_git/stlink/CMakeFiles/CMakeTmp'
Building C object CMakeFiles/cmTC_d4143.dir/src.c.o
/usr/bin/cc   -std=gnu11 -std=gnu18 -Wall -Wextra -Wshadow -D_FORTIFY_SOURCE=2 -fstrict-aliasing -Wundef -Wformat -DC_SUPPORTS_WFORMAT_SECURITY   -Wformat-security -o CMakeFiles/cmTC_d4143.dir/src.c.o   -c /root/Downloads/st_link_git/stlink/CMakeFiles/CMakeTmp/src.c
Linking C executable cmTC_d4143
/usr/bin/cmake -E cmake_link_script CMakeFiles/cmTC_d4143.dir/link.txt --verbose=1
/usr/bin/cc  -std=gnu11 -std=gnu18 -Wall -Wextra -Wshadow -D_FORTIFY_SOURCE=2 -fstrict-aliasing -Wundef -Wformat -DC_SUPPORTS_WFORMAT_SECURITY    CMakeFiles/cmTC_d4143.dir/src.c.o  -o cmTC_d4143 
make[1]: Leaving directory '/root/Downloads/st_link_git/stlink/CMakeFiles/CMakeTmp'


Source file was:
int main(void) { return 0; }
Performing C SOURCE FILE Test C_SUPPORTS_WMAYBE_UNINITIALIZED succeeded with the following output:
Change Dir: /root/Downloads/st_link_git/stlink/CMakeFiles/CMakeTmp

Run Build Command(s):/usr/bin/make cmTC_4d403/fast && /usr/bin/make -f CMakeFiles/cmTC_4d403.dir/build.make CMakeFiles/cmTC_4d403.dir/build
make[1]: Entering directory '/root/Downloads/st_link_git/stlink/CMakeFiles/CMakeTmp'
Building C object CMakeFiles/cmTC_4d403.dir/src.c.o
/usr/bin/cc   -std=gnu11 -std=gnu18 -Wall -Wextra -Wshadow -D_FORTIFY_SOURCE=2 -fstrict-aliasing -Wundef -Wformat -Wformat-security -DC_SUPPORTS_WMAYBE_UNINITIALIZED   -Wmaybe-uninitialized -o CMakeFiles/cmTC_4d403.dir/src.c.o   -c /root/Downloads/st_link_git/stlink/CMakeFiles/CMakeTmp/src.c
Linking C executable cmTC_4d403
/usr/bin/cmake -E cmake_link_script CMakeFiles/cmTC_4d403.dir/link.txt --verbose=1
/usr/bin/cc  -std=gnu11 -std=gnu18 -Wall -Wextra -Wshadow -D_FORTIFY_SOURCE=2 -fstrict-aliasing -Wundef -Wformat -Wformat-security -DC_SUPPORTS_WMAYBE_UNINITIALIZED    CMakeFiles/cmTC_4d403.dir/src.c.o  -o cmTC_4d403 
make[1]: Leaving directory '/root/Downloads/st_link_git/stlink/CMakeFiles/CMakeTmp'


Source file was:
int main(void) { return 0; }
Performing C SOURCE FILE Test C_SUPPORTS_WIMPLICIT_FUNCTION_DECLARATION succeeded with the following output:
Change Dir: /root/Downloads/st_link_git/stlink/CMakeFiles/CMakeTmp

Run Build Command(s):/usr/bin/make cmTC_57c0f/fast && /usr/bin/make -f CMakeFiles/cmTC_57c0f.dir/build.make CMakeFiles/cmTC_57c0f.dir/build
make[1]: Entering directory '/root/Downloads/st_link_git/stlink/CMakeFiles/CMakeTmp'
Building C object CMakeFiles/cmTC_57c0f.dir/src.c.o
/usr/bin/cc   -std=gnu11 -std=gnu18 -Wall -Wextra -Wshadow -D_FORTIFY_SOURCE=2 -fstrict-aliasing -Wundef -Wformat -Wformat-security -Wmaybe-uninitialized -DC_SUPPORTS_WIMPLICIT_FUNCTION_DECLARATION   -Wimplicit-function-declaration -o CMakeFiles/cmTC_57c0f.dir/src.c.o   -c /root/Downloads/st_link_git/stlink/CMakeFiles/CMakeTmp/src.c
Linking C executable cmTC_57c0f
/usr/bin/cmake -E cmake_link_script CMakeFiles/cmTC_57c0f.dir/link.txt --verbose=1
/usr/bin/cc  -std=gnu11 -std=gnu18 -Wall -Wextra -Wshadow -D_FORTIFY_SOURCE=2 -fstrict-aliasing -Wundef -Wformat -Wformat-security -Wmaybe-uninitialized -DC_SUPPORTS_WIMPLICIT_FUNCTION_DECLARATION    CMakeFiles/cmTC_57c0f.dir/src.c.o  -o cmTC_57c0f 
make[1]: Leaving directory '/root/Downloads/st_link_git/stlink/CMakeFiles/CMakeTmp'


Source file was:
int main(void) { return 0; }
Performing C SOURCE FILE Test C_SUPPORTS_WREDUNDANT_DECLS succeeded with the following output:
Change Dir: /root/Downloads/st_link_git/stlink/CMakeFiles/CMakeTmp

Run Build Command(s):/usr/bin/make cmTC_5cf13/fast && /usr/bin/make -f CMakeFiles/cmTC_5cf13.dir/build.make CMakeFiles/cmTC_5cf13.dir/build
make[1]: Entering directory '/root/Downloads/st_link_git/stlink/CMakeFiles/CMakeTmp'
Building C object CMakeFiles/cmTC_5cf13.dir/src.c.o
/usr/bin/cc   -std=gnu11 -std=gnu18 -Wall -Wextra -Wshadow -D_FORTIFY_SOURCE=2 -fstrict-aliasing -Wundef -Wformat -Wformat-security -Wmaybe-uninitialized -Wimplicit-function-declaration -DC_SUPPORTS_WREDUNDANT_DECLS   -Wredundant-decls -o CMakeFiles/cmTC_5cf13.dir/src.c.o   -c /root/Downloads/st_link_git/stlink/CMakeFiles/CMakeTmp/src.c
Linking C executable cmTC_5cf13
/usr/bin/cmake -E cmake_link_script CMakeFiles/cmTC_5cf13.dir/link.txt --verbose=1
/usr/bin/cc  -std=gnu11 -std=gnu18 -Wall -Wextra -Wshadow -D_FORTIFY_SOURCE=2 -fstrict-aliasing -Wundef -Wformat -Wformat-security -Wmaybe-uninitialized -Wimplicit-function-declaration -DC_SUPPORTS_WREDUNDANT_DECLS    CMakeFiles/cmTC_5cf13.dir/src.c.o  -o cmTC_5cf13 
make[1]: Leaving directory '/root/Downloads/st_link_git/stlink/CMakeFiles/CMakeTmp'


Source file was:
int main(void) { return 0; }
Performing C SOURCE FILE Test C_SUPPORTS_FPIC succeeded with the following output:
Change Dir: /root/Downloads/st_link_git/stlink/CMakeFiles/CMakeTmp

Run Build Command(s):/usr/bin/make cmTC_b6a4a/fast && /usr/bin/make -f CMakeFiles/cmTC_b6a4a.dir/build.make CMakeFiles/cmTC_b6a4a.dir/build
make[1]: Entering directory '/root/Downloads/st_link_git/stlink/CMakeFiles/CMakeTmp'
Building C object CMakeFiles/cmTC_b6a4a.dir/src.c.o
/usr/bin/cc   -std=gnu11 -std=gnu18 -Wall -Wextra -Wshadow -D_FORTIFY_SOURCE=2 -fstrict-aliasing -Wundef -Wformat -Wformat-security -Wmaybe-uninitialized -Wimplicit-function-declaration -Wredundant-decls -DC_SUPPORTS_FPIC   -fPIC -o CMakeFiles/cmTC_b6a4a.dir/src.c.o   -c /root/Downloads/st_link_git/stlink/CMakeFiles/CMakeTmp/src.c
Linking C executable cmTC_b6a4a
/usr/bin/cmake -E cmake_link_script CMakeFiles/cmTC_b6a4a.dir/link.txt --verbose=1
/usr/bin/cc  -std=gnu11 -std=gnu18 -Wall -Wextra -Wshadow -D_FORTIFY_SOURCE=2 -fstrict-aliasing -Wundef -Wformat -Wformat-security -Wmaybe-uninitialized -Wimplicit-function-declaration -Wredundant-decls -DC_SUPPORTS_FPIC    CMakeFiles/cmTC_b6a4a.dir/src.c.o  -o cmTC_b6a4a 
make[1]: Leaving directory '/root/Downloads/st_link_git/stlink/CMakeFiles/CMakeTmp'


Source file was:
int main(void) { return 0; }
Performing C SOURCE FILE Test C_SUPPORTS_O2 succeeded with the following output:
Change Dir: /root/Downloads/st_link_git/stlink/CMakeFiles/CMakeTmp

Run Build Command(s):/usr/bin/make cmTC_6f76f/fast && /usr/bin/make -f CMakeFiles/cmTC_6f76f.dir/build.make CMakeFiles/cmTC_6f76f.dir/build
make[1]: Entering directory '/root/Downloads/st_link_git/stlink/CMakeFiles/CMakeTmp'
Building C object CMakeFiles/cmTC_6f76f.dir/src.c.o
/usr/bin/cc   -std=gnu11 -std=gnu18 -Wall -Wextra -Wshadow -D_FORTIFY_SOURCE=2 -fstrict-aliasing -Wundef -Wformat -Wformat-security -Wmaybe-uninitialized -Wimplicit-function-declaration -Wredundant-decls -fPIC -DC_SUPPORTS_O2   -O2 -o CMakeFiles/cmTC_6f76f.dir/src.c.o   -c /root/Downloads/st_link_git/stlink/CMakeFiles/CMakeTmp/src.c
Linking C executable cmTC_6f76f
/usr/bin/cmake -E cmake_link_script CMakeFiles/cmTC_6f76f.dir/link.txt --verbose=1
/usr/bin/cc  -std=gnu11 -std=gnu18 -Wall -Wextra -Wshadow -D_FORTIFY_SOURCE=2 -fstrict-aliasing -Wundef -Wformat -Wformat-security -Wmaybe-uninitialized -Wimplicit-function-declaration -Wredundant-decls -fPIC -DC_SUPPORTS_O2    CMakeFiles/cmTC_6f76f.dir/src.c.o  -o cmTC_6f76f 
make[1]: Leaving directory '/root/Downloads/st_link_git/stlink/CMakeFiles/CMakeTmp'


Source file was:
int main(void) { return 0; }
Performing C SOURCE FILE Test C_SUPPORTS_WERROR succeeded with the following output:
Change Dir: /root/Downloads/st_link_git/stlink/CMakeFiles/CMakeTmp

Run Build Command(s):/usr/bin/make cmTC_9e889/fast && /usr/bin/make -f CMakeFiles/cmTC_9e889.dir/build.make CMakeFiles/cmTC_9e889.dir/build
make[1]: Entering directory '/root/Downloads/st_link_git/stlink/CMakeFiles/CMakeTmp'
Building C object CMakeFiles/cmTC_9e889.dir/src.c.o
/usr/bin/cc   -std=gnu11 -std=gnu18 -Wall -Wextra -Wshadow -D_FORTIFY_SOURCE=2 -fstrict-aliasing -Wundef -Wformat -Wformat-security -Wmaybe-uninitialized -Wimplicit-function-declaration -Wredundant-decls -fPIC -O2 -DC_SUPPORTS_WERROR   -Werror -o CMakeFiles/cmTC_9e889.dir/src.c.o   -c /root/Downloads/st_link_git/stlink/CMakeFiles/CMakeTmp/src.c
Linking C executable cmTC_9e889
/usr/bin/cmake -E cmake_link_script CMakeFiles/cmTC_9e889.dir/link.txt --verbose=1
/usr/bin/cc  -std=gnu11 -std=gnu18 -Wall -Wextra -Wshadow -D_FORTIFY_SOURCE=2 -fstrict-aliasing -Wundef -Wformat -Wformat-security -Wmaybe-uninitialized -Wimplicit-function-declaration -Wredundant-decls -fPIC -O2 -DC_SUPPORTS_WERROR    CMakeFiles/cmTC_9e889.dir/src.c.o  -o cmTC_9e889 
make[1]: Leaving directory '/root/Downloads/st_link_git/stlink/CMakeFiles/CMakeTmp'


Source file was:
int main(void) { return 0; }
Determining if the include file sys/mman.h exists passed with the following output:
Change Dir: /root/Downloads/st_link_git/stlink/CMakeFiles/CMakeTmp

Run Build Command(s):/usr/bin/make cmTC_5e307/fast && /usr/bin/make -f CMakeFiles/cmTC_5e307.dir/build.make CMakeFiles/cmTC_5e307.dir/build
make[1]: Entering directory '/root/Downloads/st_link_git/stlink/CMakeFiles/CMakeTmp'
Building C object CMakeFiles/cmTC_5e307.dir/CheckIncludeFile.c.o
/usr/bin/cc   -std=gnu11 -std=gnu18 -Wall -Wextra -Wshadow -D_FORTIFY_SOURCE=2 -fstrict-aliasing -Wundef -Wformat -Wformat-security -Wmaybe-uninitialized -Wimplicit-function-declaration -Wredundant-decls -fPIC -O2 -Werror    -o CMakeFiles/cmTC_5e307.dir/CheckIncludeFile.c.o   -c /root/Downloads/st_link_git/stlink/CMakeFiles/CMakeTmp/CheckIncludeFile.c
Linking C executable cmTC_5e307
/usr/bin/cmake -E cmake_link_script CMakeFiles/cmTC_5e307.dir/link.txt --verbose=1
/usr/bin/cc  -std=gnu11 -std=gnu18 -Wall -Wextra -Wshadow -D_FORTIFY_SOURCE=2 -fstrict-aliasing -Wundef -Wformat -Wformat-security -Wmaybe-uninitialized -Wimplicit-function-declaration -Wredundant-decls -fPIC -O2 -Werror     CMakeFiles/cmTC_5e307.dir/CheckIncludeFile.c.o  -o cmTC_5e307 
make[1]: Leaving directory '/root/Downloads/st_link_git/stlink/CMakeFiles/CMakeTmp'



Determining if the include file sys/time.h exists passed with the following output:
Change Dir: /root/Downloads/st_link_git/stlink/CMakeFiles/CMakeTmp

Run Build Command(s):/usr/bin/make cmTC_e2e36/fast && /usr/bin/make -f CMakeFiles/cmTC_e2e36.dir/build.make CMakeFiles/cmTC_e2e36.dir/build
make[1]: Entering directory '/root/Downloads/st_link_git/stlink/CMakeFiles/CMakeTmp'
Building C object CMakeFiles/cmTC_e2e36.dir/CheckIncludeFile.c.o
/usr/bin/cc   -std=gnu11 -std=gnu18 -Wall -Wextra -Wshadow -D_FORTIFY_SOURCE=2 -fstrict-aliasing -Wundef -Wformat -Wformat-security -Wmaybe-uninitialized -Wimplicit-function-declaration -Wredundant-decls -fPIC -O2 -Werror    -o CMakeFiles/cmTC_e2e36.dir/CheckIncludeFile.c.o   -c /root/Downloads/st_link_git/stlink/CMakeFiles/CMakeTmp/CheckIncludeFile.c
Linking C executable cmTC_e2e36
/usr/bin/cmake -E cmake_link_script CMakeFiles/cmTC_e2e36.dir/link.txt --verbose=1
/usr/bin/cc  -std=gnu11 -std=gnu18 -Wall -Wextra -Wshadow -D_FORTIFY_SOURCE=2 -fstrict-aliasing -Wundef -Wformat -Wformat-security -Wmaybe-uninitialized -Wimplicit-function-declaration -Wredundant-decls -fPIC -O2 -Werror     CMakeFiles/cmTC_e2e36.dir/CheckIncludeFile.c.o  -o cmTC_e2e36 
make[1]: Leaving directory '/root/Downloads/st_link_git/stlink/CMakeFiles/CMakeTmp'



Determining if the include file unistd.h exists passed with the following output:
Change Dir: /root/Downloads/st_link_git/stlink/CMakeFiles/CMakeTmp

Run Build Command(s):/usr/bin/make cmTC_af858/fast && /usr/bin/make -f CMakeFiles/cmTC_af858.dir/build.make CMakeFiles/cmTC_af858.dir/build
make[1]: Entering directory '/root/Downloads/st_link_git/stlink/CMakeFiles/CMakeTmp'
Building C object CMakeFiles/cmTC_af858.dir/CheckIncludeFile.c.o
/usr/bin/cc   -std=gnu11 -std=gnu18 -Wall -Wextra -Wshadow -D_FORTIFY_SOURCE=2 -fstrict-aliasing -Wundef -Wformat -Wformat-security -Wmaybe-uninitialized -Wimplicit-function-declaration -Wredundant-decls -fPIC -O2 -Werror    -o CMakeFiles/cmTC_af858.dir/CheckIncludeFile.c.o   -c /root/Downloads/st_link_git/stlink/CMakeFiles/CMakeTmp/CheckIncludeFile.c
Linking C executable cmTC_af858
/usr/bin/cmake -E cmake_link_script CMakeFiles/cmTC_af858.dir/link.txt --verbose=1
/usr/bin/cc  -std=gnu11 -std=gnu18 -Wall -Wextra -Wshadow -D_FORTIFY_SOURCE=2 -fstrict-aliasing -Wundef -Wformat -Wformat-security -Wmaybe-uninitialized -Wimplicit-function-declaration -Wredundant-decls -fPIC -O2 -Werror     CMakeFiles/cmTC_af858.dir/CheckIncludeFile.c.o  -o cmTC_af858 
make[1]: Leaving directory '/root/Downloads/st_link_git/stlink/CMakeFiles/CMakeTmp'



